<?xml version="1.0" encoding="UTF-8"?>
<!-- Generated by org.testng.reporters.JUnitReportReporter -->
<testsuite hostname="LAPTOP-VRAFTVET" failures="0" tests="1" name="Axis.OrangeHRM.emergencycontact" time="18.967" errors="0" timestamp="2024-03-03T00:23:29 IST" skipped="0">
  <testcase classname="Axis.OrangeHRM.emergencycontact" name="LOGIN" time="18.967"/>
  <system-out/>
</testsuite> <!-- Axis.OrangeHRM.emergencycontact -->
