<?xml version="1.0" encoding="UTF-8"?>
<!-- Generated by org.testng.reporters.JUnitReportReporter -->
<testsuite hostname="LAPTOP-VRAFTVET" failures="0" tests="1" name="Axis.OrangeHRM.HRMLogin" time="13.154" errors="0" timestamp="2024-03-02T00:27:33 IST" skipped="0">
  <testcase classname="Axis.OrangeHRM.HRMLogin" name="LOGIN" time="13.154"/>
  <system-out/>
</testsuite> <!-- Axis.OrangeHRM.HRMLogin -->
