<?xml version="1.0" encoding="UTF-8"?>
<!-- Generated by org.testng.reporters.JUnitReportReporter -->
<testsuite hostname="LAPTOP-VRAFTVET" failures="0" tests="1" name="Axis.OrangeHRM.DeleteImmigration" time="29.478" errors="0" timestamp="2024-03-03T00:20:02 IST" skipped="0">
  <testcase classname="Axis.OrangeHRM.DeleteImmigration" name="LOGIN" time="29.478"/>
  <system-out/>
</testsuite> <!-- Axis.OrangeHRM.DeleteImmigration -->
