<?xml version="1.0" encoding="UTF-8"?>
<!-- Generated by org.testng.reporters.JUnitReportReporter -->
<testsuite hostname="LAPTOP-VRAFTVET" failures="0" tests="1" name="Axis.OrangeHRM.addattachmentinimmigration" time="26.189" errors="0" timestamp="2024-03-03T00:32:21 IST" skipped="0">
  <testcase classname="Axis.OrangeHRM.addattachmentinimmigration" name="LOGIN" time="26.189"/>
  <system-out/>
</testsuite> <!-- Axis.OrangeHRM.addattachmentinimmigration -->
