<?xml version="1.0" encoding="UTF-8"?>
<!-- Generated by org.testng.reporters.JUnitReportReporter -->
<testsuite hostname="LAPTOP-VRAFTVET" failures="0" tests="1" name="Axis.OrangeHRM.HRMLogin" time="9.717" errors="0" timestamp="2024-03-03T00:16:00 IST" skipped="0">
  <testcase classname="Axis.OrangeHRM.HRMLogin" name="LOGIN" time="9.717"/>
  <system-out/>
</testsuite> <!-- Axis.OrangeHRM.HRMLogin -->
